[debug] [2023-03-09T14:29:05.786Z] ----------------------------------------------------------------------
[debug] [2023-03-09T14:29:05.788Z] Command:       /usr/local/bin/node /usr/local/bin/firebase init
[debug] [2023-03-09T14:29:05.788Z] CLI Version:   11.24.1
[debug] [2023-03-09T14:29:05.789Z] Platform:      darwin
[debug] [2023-03-09T14:29:05.789Z] Node Version:  v18.13.0
[debug] [2023-03-09T14:29:05.790Z] Time:          Thu Mar 09 2023 15:29:05 GMT+0100 (Central European Standard Time)
[debug] [2023-03-09T14:29:05.790Z] ----------------------------------------------------------------------
[debug] 
[debug] [2023-03-09T14:29:05.858Z] > command requires scopes: ["email","openid","https://www.googleapis.com/auth/cloudplatformprojects.readonly","https://www.googleapis.com/auth/firebase","https://www.googleapis.com/auth/cloud-platform"]
[debug] [2023-03-09T14:29:05.859Z] > authorizing via signed-in user (hanif.bahari@gmail.com)
[info] 
     ######## #### ########  ######## ########     ###     ######  ########
     ##        ##  ##     ## ##       ##     ##  ##   ##  ##       ##
     ######    ##  ########  ######   ########  #########  ######  ######
     ##        ##  ##    ##  ##       ##     ## ##     ##       ## ##
     ##       #### ##     ## ######## ########  ##     ##  ######  ########

You're about to initialize a Firebase project in this directory:

  /Users/hanifbahari/sites/portfolio/portfolio-nextjs-main

Before we get started, keep in mind:

  * You are initializing within an existing Firebase project directory

[info] 
=== Project Setup
[info] 
[info] First, let's associate this project directory with a Firebase project.
[info] You can create multiple project aliases by running firebase use --add, 
[info] but for now we'll just set up a default project.
[info] 
[debug] [2023-03-09T14:29:10.989Z] Using project from CLI flag: nextjs-portfolio-ff610
[debug] [2023-03-09T14:29:10.992Z] >>> [apiv2][query] GET https://firebase.googleapis.com/v1beta1/projects/nextjs-portfolio-ff610 [none]
[debug] [2023-03-09T14:29:11.349Z] <<< [apiv2][status] GET https://firebase.googleapis.com/v1beta1/projects/nextjs-portfolio-ff610 403
[debug] [2023-03-09T14:29:11.349Z] <<< [apiv2][body] GET https://firebase.googleapis.com/v1beta1/projects/nextjs-portfolio-ff610 {"error":{"code":403,"message":"The caller does not have permission","status":"PERMISSION_DENIED"}}
[debug] [2023-03-09T14:29:11.350Z] HTTP Error: 403, The caller does not have permission
[debug] [2023-03-09T14:29:11.447Z] FirebaseError: HTTP Error: 403, The caller does not have permission
    at responseToError (/usr/local/lib/node_modules/firebase-tools/lib/responseToError.js:49:12)
    at RetryOperation._fn (/usr/local/lib/node_modules/firebase-tools/lib/apiv2.js:288:77)
    at process.processTicksAndRejections (node:internal/process/task_queues:95:5)
[error] 
[error] Error: Failed to get Firebase project nextjs-portfolio-ff610. Please make sure the project exists and your account has permission to access it.
